<?xml version="1.0" encoding="UTF-8"?>
<!-- Generated by org.testng.reporters.JUnitReportReporter -->
<testsuite skipped="0" hostname="CH-LT-017" name="com.wallethub.tests.WalletHubPagesTests" tests="1" failures="0" timestamp="20 Aug 2019 09:15:03 GMT" time="33.645" errors="0">
  <testcase name="walletHub" time="33.645" classname="com.wallethub.tests.WalletHubPagesTests"/>
</testsuite> <!-- com.wallethub.tests.WalletHubPagesTests -->
